<?xml version="1.0" encoding="UTF-8"?>
<!-- Generated by org.testng.reporters.JUnitXMLReporter -->
<testsuite hostname="HUS" failures="0" tests="9" name="Surefire test" time="1.43" errors="0" timestamp="24 Feb 2024 00:04:39 GMT">
  <testcase classname="com.testing.Test1" name="@BeforeTest beforeTest" time="0.0">
    <failure type="org.openqa.selenium.SessionNotCreatedException" message="session not created: This version of ChromeDriver only supports Chrome version 120
Current browser version is 122.0.6261.69 with binary path C:\Program Files (x86)\Google\Chrome\Application\chrome.exe
Build info: version: &amp;apos;3.9.0&amp;apos;, revision: &amp;apos;698b3178f0&amp;apos;, time: &amp;apos;2018-02-05T14:26:55.441Z&amp;apos;
System info: host: &amp;apos;HUS&amp;apos;, ip: &amp;apos;192.168.0.4&amp;apos;, os.name: &amp;apos;Windows 11&amp;apos;, os.arch: &amp;apos;amd64&amp;apos;, os.version: &amp;apos;10.0&amp;apos;, java.version: &amp;apos;21.0.1&amp;apos;
Driver info: driver.version: ChromeDriver
remote stacktrace: 	GetHandleVerifier [0x00007FF6BD664D02+56194]
	(No symbol) [0x00007FF6BD5D04B2]
	(No symbol) [0x00007FF6BD4776AA]
	(No symbol) [0x00007FF6BD4B1652]
	(No symbol) [0x00007FF6BD4B094D]
	(No symbol) [0x00007FF6BD4AB84F]
	(No symbol) [0x00007FF6BD4A7DC2]
	(No symbol) [0x00007FF6BD4F0954]
	(No symbol) [0x00007FF6BD4E5C23]
	(No symbol) [0x00007FF6BD4B4A45]
	(No symbol) [0x00007FF6BD4B5AD4]
	GetHandleVerifier [0x00007FF6BD9DD5BB+3695675]
	GetHandleVerifier [0x00007FF6BDA36197+4059159]
	GetHandleVerifier [0x00007FF6BDA2DF63+4025827]
	GetHandleVerifier [0x00007FF6BD6FF029+687785]
	(No symbol) [0x00007FF6BD5DB508]
	(No symbol) [0x00007FF6BD5D7564]
	(No symbol) [0x00007FF6BD5D76E9]
	(No symbol) [0x00007FF6BD5C8094]
	BaseThreadInitThunk [0x00007FFD27C6257D+29]
	RtlUserThreadStart [0x00007FFD2906AA58+40]
">
      <![CDATA[org.openqa.selenium.SessionNotCreatedException: session not created: This version of ChromeDriver only supports Chrome version 120
Current browser version is 122.0.6261.69 with binary path C:\Program Files (x86)\Google\Chrome\Application\chrome.exe
Build info: version: '3.9.0', revision: '698b3178f0', time: '2018-02-05T14:26:55.441Z'
System info: host: 'HUS', ip: '192.168.0.4', os.name: 'Windows 11', os.arch: 'amd64', os.version: '10.0', java.version: '21.0.1'
Driver info: driver.version: ChromeDriver
remote stacktrace: 	GetHandleVerifier [0x00007FF6BD664D02+56194]
	(No symbol) [0x00007FF6BD5D04B2]
	(No symbol) [0x00007FF6BD4776AA]
	(No symbol) [0x00007FF6BD4B1652]
	(No symbol) [0x00007FF6BD4B094D]
	(No symbol) [0x00007FF6BD4AB84F]
	(No symbol) [0x00007FF6BD4A7DC2]
	(No symbol) [0x00007FF6BD4F0954]
	(No symbol) [0x00007FF6BD4E5C23]
	(No symbol) [0x00007FF6BD4B4A45]
	(No symbol) [0x00007FF6BD4B5AD4]
	GetHandleVerifier [0x00007FF6BD9DD5BB+3695675]
	GetHandleVerifier [0x00007FF6BDA36197+4059159]
	GetHandleVerifier [0x00007FF6BDA2DF63+4025827]
	GetHandleVerifier [0x00007FF6BD6FF029+687785]
	(No symbol) [0x00007FF6BD5DB508]
	(No symbol) [0x00007FF6BD5D7564]
	(No symbol) [0x00007FF6BD5D76E9]
	(No symbol) [0x00007FF6BD5C8094]
	BaseThreadInitThunk [0x00007FFD27C6257D+29]
	RtlUserThreadStart [0x00007FFD2906AA58+40]

	at org.openqa.selenium.remote.W3CHandshakeResponse.lambda$new$0(W3CHandshakeResponse.java:57)
	at org.openqa.selenium.remote.W3CHandshakeResponse.lambda$getResponseFunction$2(W3CHandshakeResponse.java:104)
	at org.openqa.selenium.remote.ProtocolHandshake.lambda$createSession$0(ProtocolHandshake.java:123)
	at java.base/java.util.stream.ReferencePipeline$3$1.accept(ReferencePipeline.java:197)
	at java.base/java.util.Spliterators$ArraySpliterator.tryAdvance(Spliterators.java:1034)
	at java.base/java.util.stream.ReferencePipeline.forEachWithCancel(ReferencePipeline.java:129)
	at java.base/java.util.stream.AbstractPipeline.copyIntoWithCancel(AbstractPipeline.java:527)
	at java.base/java.util.stream.AbstractPipeline.copyInto(AbstractPipeline.java:513)
	at java.base/java.util.stream.AbstractPipeline.wrapAndCopyInto(AbstractPipeline.java:499)
	at java.base/java.util.stream.FindOps$FindOp.evaluateSequential(FindOps.java:150)
	at java.base/java.util.stream.AbstractPipeline.evaluate(AbstractPipeline.java:234)
	at java.base/java.util.stream.ReferencePipeline.findFirst(ReferencePipeline.java:647)
	at org.openqa.selenium.remote.ProtocolHandshake.createSession(ProtocolHandshake.java:126)
	at org.openqa.selenium.remote.ProtocolHandshake.createSession(ProtocolHandshake.java:73)
	at org.openqa.selenium.remote.HttpCommandExecutor.execute(HttpCommandExecutor.java:138)
	at org.openqa.selenium.remote.service.DriverCommandExecutor.execute(DriverCommandExecutor.java:83)
	at org.openqa.selenium.remote.RemoteWebDriver.execute(RemoteWebDriver.java:601)
	at org.openqa.selenium.remote.RemoteWebDriver.startSession(RemoteWebDriver.java:219)
	at org.openqa.selenium.remote.RemoteWebDriver.<init>(RemoteWebDriver.java:142)
	at org.openqa.selenium.chrome.ChromeDriver.<init>(ChromeDriver.java:184)
	at org.openqa.selenium.chrome.ChromeDriver.<init>(ChromeDriver.java:171)
	at org.openqa.selenium.chrome.ChromeDriver.<init>(ChromeDriver.java:124)
	at com.testing.PageFile.openBrowser(PageFile.java:24)
	at com.testing.Test1.beforeTest(Test1.java:12)
... Removed 28 stack frames]]>
    </failure>
  </testcase> <!-- @BeforeTest beforeTest -->
  <testcase classname="com.testing.Test1" name="@AfterTest afterMethod" time="0.0">
    <skipped/>
  </testcase> <!-- @AfterTest afterMethod -->
  <testcase classname="com.testing.Test1" name="InvalidUser" time="0.0">
    <skipped/>
  </testcase> <!-- InvalidUser -->
  <testcase classname="com.testing.Test1" name="invalidPwd" time="0.0">
    <skipped/>
  </testcase> <!-- invalidPwd -->
  <testcase classname="com.testing.Test1" name="GmailLogin" time="0.0">
    <skipped/>
  </testcase> <!-- GmailLogin -->
  <testcase classname="com.testing.Test1" name="CountEmail" time="0.0">
    <skipped/>
  </testcase> <!-- CountEmail -->
  <testcase classname="com.testing.Test1" name="TotalInboxEmail" time="0.0">
    <skipped/>
  </testcase> <!-- TotalInboxEmail -->
  <testcase classname="com.testing.Test1" name="moveToTrash" time="0.0">
    <skipped/>
  </testcase> <!-- moveToTrash -->
  <testcase classname="com.testing.Test1" name="MoveBackToInbox" time="0.0">
    <skipped/>
  </testcase> <!-- MoveBackToInbox -->
  <testcase classname="com.testing.Test1" name="markAsUnread" time="0.0">
    <skipped/>
  </testcase> <!-- markAsUnread -->
  <testcase classname="com.testing.Test1" name="markAsread" time="0.0">
    <skipped/>
  </testcase> <!-- markAsread -->
</testsuite> <!-- Surefire test -->
