<?xml version="1.0" encoding="UTF-8"?>
<!-- Generated by org.testng.reporters.JUnitXMLReporter -->
<testsuite hostname="HUS" failures="0" tests="9" name="Default test" time="1.052" errors="0" timestamp="23 Feb 2024 23:59:17 GMT">
  <testcase classname="com.testing.Test1" name="@BeforeTest beforeTest" time="0.0">
    <failure type="org.openqa.selenium.SessionNotCreatedException" message="session not created: This version of ChromeDriver only supports Chrome version 120
Current browser version is 122.0.6261.69 with binary path C:\Program Files (x86)\Google\Chrome\Application\chrome.exe
Build info: version: &amp;apos;3.9.0&amp;apos;, revision: &amp;apos;698b3178f0&amp;apos;, time: &amp;apos;2018-02-05T14:26:55.441Z&amp;apos;
System info: host: &amp;apos;HUS&amp;apos;, ip: &amp;apos;192.168.0.4&amp;apos;, os.name: &amp;apos;Windows 11&amp;apos;, os.arch: &amp;apos;amd64&amp;apos;, os.version: &amp;apos;10.0&amp;apos;, java.version: &amp;apos;21.0.1&amp;apos;
Driver info: driver.version: ChromeDriver
remote stacktrace: 	GetHandleVerifier [0x00007FF6339E4D02+56194]
	(No symbol) [0x00007FF6339504B2]
	(No symbol) [0x00007FF6337F76AA]
	(No symbol) [0x00007FF633831652]
	(No symbol) [0x00007FF63383094D]
	(No symbol) [0x00007FF63382B84F]
	(No symbol) [0x00007FF633827DC2]
	(No symbol) [0x00007FF633870954]
	(No symbol) [0x00007FF633865C23]
	(No symbol) [0x00007FF633834A45]
	(No symbol) [0x00007FF633835AD4]
	GetHandleVerifier [0x00007FF633D5D5BB+3695675]
	GetHandleVerifier [0x00007FF633DB6197+4059159]
	GetHandleVerifier [0x00007FF633DADF63+4025827]
	GetHandleVerifier [0x00007FF633A7F029+687785]
	(No symbol) [0x00007FF63395B508]
	(No symbol) [0x00007FF633957564]
	(No symbol) [0x00007FF6339576E9]
	(No symbol) [0x00007FF633948094]
	BaseThreadInitThunk [0x00007FFB63A3257D+29]
	RtlUserThreadStart [0x00007FFB64C6AA58+40]
">
      <![CDATA[org.openqa.selenium.SessionNotCreatedException: session not created: This version of ChromeDriver only supports Chrome version 120
Current browser version is 122.0.6261.69 with binary path C:\Program Files (x86)\Google\Chrome\Application\chrome.exe
Build info: version: '3.9.0', revision: '698b3178f0', time: '2018-02-05T14:26:55.441Z'
System info: host: 'HUS', ip: '192.168.0.4', os.name: 'Windows 11', os.arch: 'amd64', os.version: '10.0', java.version: '21.0.1'
Driver info: driver.version: ChromeDriver
remote stacktrace: 	GetHandleVerifier [0x00007FF6339E4D02+56194]
	(No symbol) [0x00007FF6339504B2]
	(No symbol) [0x00007FF6337F76AA]
	(No symbol) [0x00007FF633831652]
	(No symbol) [0x00007FF63383094D]
	(No symbol) [0x00007FF63382B84F]
	(No symbol) [0x00007FF633827DC2]
	(No symbol) [0x00007FF633870954]
	(No symbol) [0x00007FF633865C23]
	(No symbol) [0x00007FF633834A45]
	(No symbol) [0x00007FF633835AD4]
	GetHandleVerifier [0x00007FF633D5D5BB+3695675]
	GetHandleVerifier [0x00007FF633DB6197+4059159]
	GetHandleVerifier [0x00007FF633DADF63+4025827]
	GetHandleVerifier [0x00007FF633A7F029+687785]
	(No symbol) [0x00007FF63395B508]
	(No symbol) [0x00007FF633957564]
	(No symbol) [0x00007FF6339576E9]
	(No symbol) [0x00007FF633948094]
	BaseThreadInitThunk [0x00007FFB63A3257D+29]
	RtlUserThreadStart [0x00007FFB64C6AA58+40]

	at java.base/jdk.internal.reflect.DirectConstructorHandleAccessor.newInstance(DirectConstructorHandleAccessor.java:62)
	at java.base/java.lang.reflect.Constructor.newInstanceWithCaller(Constructor.java:502)
	at java.base/java.lang.reflect.Constructor.newInstance(Constructor.java:486)
	at org.openqa.selenium.remote.W3CHandshakeResponse.lambda$new$0(W3CHandshakeResponse.java:57)
	at org.openqa.selenium.remote.W3CHandshakeResponse.lambda$getResponseFunction$2(W3CHandshakeResponse.java:104)
	at org.openqa.selenium.remote.ProtocolHandshake.lambda$createSession$0(ProtocolHandshake.java:123)
	at java.base/java.util.stream.ReferencePipeline$3$1.accept(ReferencePipeline.java:197)
	at java.base/java.util.Spliterators$ArraySpliterator.tryAdvance(Spliterators.java:1034)
	at java.base/java.util.stream.ReferencePipeline.forEachWithCancel(ReferencePipeline.java:129)
	at java.base/java.util.stream.AbstractPipeline.copyIntoWithCancel(AbstractPipeline.java:527)
	at java.base/java.util.stream.AbstractPipeline.copyInto(AbstractPipeline.java:513)
	at java.base/java.util.stream.AbstractPipeline.wrapAndCopyInto(AbstractPipeline.java:499)
	at java.base/java.util.stream.FindOps$FindOp.evaluateSequential(FindOps.java:150)
	at java.base/java.util.stream.AbstractPipeline.evaluate(AbstractPipeline.java:234)
	at java.base/java.util.stream.ReferencePipeline.findFirst(ReferencePipeline.java:647)
	at org.openqa.selenium.remote.ProtocolHandshake.createSession(ProtocolHandshake.java:126)
	at org.openqa.selenium.remote.ProtocolHandshake.createSession(ProtocolHandshake.java:73)
	at org.openqa.selenium.remote.HttpCommandExecutor.execute(HttpCommandExecutor.java:138)
	at org.openqa.selenium.remote.service.DriverCommandExecutor.execute(DriverCommandExecutor.java:83)
	at org.openqa.selenium.remote.RemoteWebDriver.execute(RemoteWebDriver.java:601)
	at org.openqa.selenium.remote.RemoteWebDriver.startSession(RemoteWebDriver.java:219)
	at org.openqa.selenium.remote.RemoteWebDriver.<init>(RemoteWebDriver.java:142)
	at org.openqa.selenium.chrome.ChromeDriver.<init>(ChromeDriver.java:184)
	at org.openqa.selenium.chrome.ChromeDriver.<init>(ChromeDriver.java:171)
	at org.openqa.selenium.chrome.ChromeDriver.<init>(ChromeDriver.java:124)
	at com.testing.PageFile.openBrowser(PageFile.java:24)
	at com.testing.Test1.beforeTest(Test1.java:12)
	at java.base/jdk.internal.reflect.DirectMethodHandleAccessor.invoke(DirectMethodHandleAccessor.java:103)
	at java.base/java.lang.reflect.Method.invoke(Method.java:580)
	at org.testng.internal.MethodInvocationHelper.invokeMethod(MethodInvocationHelper.java:85)
	at org.testng.internal.Invoker.invokeConfigurationMethod(Invoker.java:510)
	at org.testng.internal.Invoker.invokeConfigurations(Invoker.java:211)
	at org.testng.internal.Invoker.invokeConfigurations(Invoker.java:138)
	at org.testng.TestRunner.beforeRun(TestRunner.java:648)
	at org.testng.TestRunner.run(TestRunner.java:616)
	at org.testng.SuiteRunner.runTest(SuiteRunner.java:359)
	at org.testng.SuiteRunner.runSequentially(SuiteRunner.java:354)
	at org.testng.SuiteRunner.privateRun(SuiteRunner.java:312)
	at org.testng.SuiteRunner.run(SuiteRunner.java:261)
	at org.testng.SuiteRunnerWorker.runSuite(SuiteRunnerWorker.java:52)
	at org.testng.SuiteRunnerWorker.run(SuiteRunnerWorker.java:86)
	at org.testng.TestNG.runSuitesSequentially(TestNG.java:1215)
	at org.testng.TestNG.runSuitesLocally(TestNG.java:1140)
	at org.testng.TestNG.run(TestNG.java:1048)
	at org.testng.remote.AbstractRemoteTestNG.run(AbstractRemoteTestNG.java:115)
	at org.testng.remote.RemoteTestNG.initAndRun(RemoteTestNG.java:251)
	at org.testng.remote.RemoteTestNG.main(RemoteTestNG.java:77)
]]>
    </failure>
  </testcase> <!-- @BeforeTest beforeTest -->
  <testcase classname="com.testing.Test1" name="@AfterTest afterMethod" time="0.0">
    <skipped/>
  </testcase> <!-- @AfterTest afterMethod -->
  <testcase classname="com.testing.Test1" name="InvalidUser" time="0.001">
    <skipped/>
  </testcase> <!-- InvalidUser -->
  <testcase classname="com.testing.Test1" name="invalidPwd" time="0.001">
    <skipped/>
  </testcase> <!-- invalidPwd -->
  <testcase classname="com.testing.Test1" name="GmailLogin" time="0.001">
    <skipped/>
  </testcase> <!-- GmailLogin -->
  <testcase classname="com.testing.Test1" name="CountEmail" time="0.002">
    <skipped/>
  </testcase> <!-- CountEmail -->
  <testcase classname="com.testing.Test1" name="TotalInboxEmail" time="0.001">
    <skipped/>
  </testcase> <!-- TotalInboxEmail -->
  <testcase classname="com.testing.Test1" name="moveToTrash" time="0.001">
    <skipped/>
  </testcase> <!-- moveToTrash -->
  <testcase classname="com.testing.Test1" name="MoveBackToInbox" time="0.001">
    <skipped/>
  </testcase> <!-- MoveBackToInbox -->
  <testcase classname="com.testing.Test1" name="markAsUnread" time="0.001">
    <skipped/>
  </testcase> <!-- markAsUnread -->
  <testcase classname="com.testing.Test1" name="markAsread" time="0.0">
    <skipped/>
  </testcase> <!-- markAsread -->
</testsuite> <!-- Default test -->
